15:41:39.987 INFO [GridLauncherV3.parse] - Selenium server version: 3.141.59, revision: e82be7d358
15:41:40.041 INFO [GridLauncherV3.lambda$buildLaunchers$3] - Launching a standalone Selenium Server on port 4445
2019-07-18 15:41:40.082:INFO::main: Logging initialized @249ms to org.seleniumhq.jetty9.util.log.StdErrLog
15:41:40.275 INFO [WebDriverServlet.<init>] - Initialising WebDriverServlet
15:41:40.494 INFO [SeleniumServer.boot] - Selenium Server is up and running on port 4445
15:41:40.711 INFO [ActiveSessionFactory.apply] - Capabilities are: {
  "acceptSslCerts": true,
  "browserName": "chrome",
  "name": "Turo"
}
15:41:40.712 INFO [ActiveSessionFactory.lambda$apply$11] - Matched factory org.openqa.selenium.grid.session.remote.ServicedSession$Factory (provider: org.openqa.selenium.chrome.ChromeDriverService)
Starting ChromeDriver 74.0.3729.6 (255758eccf3d244491b8a1317aa76e1ce10d57e9-refs/branch-heads/3729@{#29}) on port 10280
Only local connections are allowed.
Please protect ports used by ChromeDriver and related test frameworks to prevent access by malicious code.
[1563489701.972][WARNING]: This version of ChromeDriver has not been tested with Chrome version 75.
[1563489703.975][WARNING]: Timed out connecting to Chrome, retrying...
15:41:45.993 INFO [ProtocolHandshake.createSession] - Detected dialect: OSS
15:41:46.174 INFO [RemoteSession$Factory.lambda$performHandshake$0] - Started new session 4d17ebe38920e45979481775e4ca1391 (org.openqa.selenium.chrome.ChromeDriverService)
[1563489722.899][WARNING]: Timed out connecting to Chrome, retrying...
[1563489742.003][WARNING]: Timed out connecting to Chrome, retrying...
15:42:27.114 INFO [ActiveSessions$1.onStop] - Removing session 4d17ebe38920e45979481775e4ca1391 (org.openqa.selenium.chrome.ChromeDriverService)
